{"C:\\Users\\samha\\auguste\\lap1\\week3\\smalltalk_client\\smallTalk_Client\\client\\script.js": {"path":"C:\\Users\\samha\\auguste\\lap1\\week3\\smalltalk_client\\smallTalk_Client\\client\\script.js","statementMap":{"0":{"start":{"line":1,"column":20},"end":{"line":1,"column":58}},"1":{"start":{"line":2,"column":13},"end":{"line":2,"column":44}},"2":{"start":{"line":3,"column":18},"end":{"line":3,"column":50}},"3":{"start":{"line":4,"column":16},"end":{"line":4,"column":50}},"4":{"start":{"line":8,"column":18},"end":{"line":31,"column":1}},"5":{"start":{"line":32,"column":16},"end":{"line":52,"column":1}},"6":{"start":{"line":55,"column":2},"end":{"line":55,"column":55}},"7":{"start":{"line":58,"column":13},"end":{"line":60,"column":4}},"8":{"start":{"line":62,"column":2},"end":{"line":62,"column":14}},"9":{"start":{"line":67,"column":0},"end":{"line":69,"column":3}},"10":{"start":{"line":68,"column":2},"end":{"line":68,"column":15}},"11":{"start":{"line":73,"column":0},"end":{"line":103,"column":3}},"12":{"start":{"line":74,"column":2},"end":{"line":74,"column":21}},"13":{"start":{"line":75,"column":22},"end":{"line":75,"column":60}},"14":{"start":{"line":76,"column":2},"end":{"line":102,"column":3}},"15":{"start":{"line":77,"column":4},"end":{"line":77,"column":38}},"16":{"start":{"line":79,"column":21},"end":{"line":83,"column":5}},"17":{"start":{"line":84,"column":20},"end":{"line":90,"column":5}},"18":{"start":{"line":92,"column":4},"end":{"line":101,"column":27}},"19":{"start":{"line":93,"column":21},"end":{"line":93,"column":31}},"20":{"start":{"line":95,"column":19},"end":{"line":95,"column":28}},"21":{"start":{"line":96,"column":8},"end":{"line":96,"column":29}},"22":{"start":{"line":97,"column":8},"end":{"line":97,"column":31}},"23":{"start":{"line":98,"column":23},"end":{"line":98,"column":69}},"24":{"start":{"line":99,"column":8},"end":{"line":99,"column":36}},"25":{"start":{"line":108,"column":2},"end":{"line":114,"column":7}},"26":{"start":{"line":109,"column":17},"end":{"line":109,"column":25}},"27":{"start":{"line":111,"column":6},"end":{"line":113,"column":7}},"28":{"start":{"line":111,"column":19},"end":{"line":111,"column":20}},"29":{"start":{"line":112,"column":8},"end":{"line":112,"column":33}},"30":{"start":{"line":120,"column":2},"end":{"line":120,"column":21}},"31":{"start":{"line":121,"column":2},"end":{"line":121,"column":20}},"32":{"start":{"line":122,"column":19},"end":{"line":122,"column":60}},"33":{"start":{"line":123,"column":28},"end":{"line":123,"column":76}},"34":{"start":{"line":124,"column":29},"end":{"line":124,"column":77}},"35":{"start":{"line":125,"column":27},"end":{"line":125,"column":75}},"36":{"start":{"line":126,"column":2},"end":{"line":162,"column":25}},"37":{"start":{"line":127,"column":17},"end":{"line":127,"column":25}},"38":{"start":{"line":129,"column":6},"end":{"line":129,"column":28}},"39":{"start":{"line":131,"column":6},"end":{"line":131,"column":39}},"40":{"start":{"line":133,"column":28},"end":{"line":133,"column":41}},"41":{"start":{"line":135,"column":6},"end":{"line":155,"column":7}},"42":{"start":{"line":137,"column":8},"end":{"line":154,"column":11}},"43":{"start":{"line":138,"column":25},"end":{"line":138,"column":45}},"44":{"start":{"line":139,"column":24},"end":{"line":139,"column":52}},"45":{"start":{"line":140,"column":30},"end":{"line":140,"column":70}},"46":{"start":{"line":141,"column":10},"end":{"line":152,"column":11}},"47":{"start":{"line":142,"column":12},"end":{"line":142,"column":53}},"48":{"start":{"line":144,"column":12},"end":{"line":144,"column":43}},"49":{"start":{"line":146,"column":27},"end":{"line":146,"column":56}},"50":{"start":{"line":147,"column":12},"end":{"line":147,"column":40}},"51":{"start":{"line":148,"column":12},"end":{"line":148,"column":36}},"52":{"start":{"line":149,"column":12},"end":{"line":149,"column":46}},"53":{"start":{"line":150,"column":12},"end":{"line":150,"column":38}},"54":{"start":{"line":151,"column":12},"end":{"line":151,"column":43}},"55":{"start":{"line":156,"column":6},"end":{"line":156,"column":20}},"56":{"start":{"line":158,"column":6},"end":{"line":158,"column":52}},"57":{"start":{"line":159,"column":6},"end":{"line":159,"column":53}},"58":{"start":{"line":160,"column":6},"end":{"line":160,"column":51}},"59":{"start":{"line":168,"column":2},"end":{"line":168,"column":21}},"60":{"start":{"line":169,"column":24},"end":{"line":169,"column":53}},"61":{"start":{"line":170,"column":26},"end":{"line":170,"column":55}},"62":{"start":{"line":171,"column":17},"end":{"line":171,"column":46}},"63":{"start":{"line":172,"column":18},"end":{"line":172,"column":47}},"64":{"start":{"line":173,"column":19},"end":{"line":173,"column":48}},"65":{"start":{"line":174,"column":26},"end":{"line":174,"column":55}},"66":{"start":{"line":175,"column":19},"end":{"line":175,"column":47}},"67":{"start":{"line":176,"column":21},"end":{"line":176,"column":50}},"68":{"start":{"line":177,"column":22},"end":{"line":177,"column":51}},"69":{"start":{"line":178,"column":28},"end":{"line":178,"column":57}},"70":{"start":{"line":179,"column":27},"end":{"line":179,"column":56}},"71":{"start":{"line":180,"column":27},"end":{"line":180,"column":56}},"72":{"start":{"line":181,"column":27},"end":{"line":181,"column":56}},"73":{"start":{"line":182,"column":20},"end":{"line":182,"column":52}},"74":{"start":{"line":183,"column":20},"end":{"line":183,"column":52}},"75":{"start":{"line":184,"column":20},"end":{"line":184,"column":52}},"76":{"start":{"line":186,"column":27},"end":{"line":186,"column":56}},"77":{"start":{"line":187,"column":2},"end":{"line":187,"column":50}},"78":{"start":{"line":189,"column":30},"end":{"line":189,"column":59}},"79":{"start":{"line":190,"column":2},"end":{"line":190,"column":56}},"80":{"start":{"line":197,"column":2},"end":{"line":204,"column":4}},"81":{"start":{"line":206,"column":2},"end":{"line":206,"column":37}},"82":{"start":{"line":207,"column":2},"end":{"line":207,"column":37}},"83":{"start":{"line":208,"column":2},"end":{"line":208,"column":37}},"84":{"start":{"line":209,"column":2},"end":{"line":209,"column":48}},"85":{"start":{"line":210,"column":2},"end":{"line":210,"column":48}},"86":{"start":{"line":211,"column":2},"end":{"line":211,"column":48}},"87":{"start":{"line":212,"column":2},"end":{"line":212,"column":49}},"88":{"start":{"line":213,"column":2},"end":{"line":213,"column":49}},"89":{"start":{"line":214,"column":2},"end":{"line":214,"column":49}},"90":{"start":{"line":217,"column":17},"end":{"line":217,"column":49}},"91":{"start":{"line":218,"column":2},"end":{"line":218,"column":25}},"92":{"start":{"line":219,"column":2},"end":{"line":219,"column":38}},"93":{"start":{"line":220,"column":2},"end":{"line":220,"column":37}},"94":{"start":{"line":221,"column":2},"end":{"line":223,"column":5}},"95":{"start":{"line":222,"column":4},"end":{"line":222,"column":20}},"96":{"start":{"line":226,"column":22},"end":{"line":226,"column":53}},"97":{"start":{"line":227,"column":2},"end":{"line":227,"column":43}},"98":{"start":{"line":228,"column":2},"end":{"line":228,"column":31}},"99":{"start":{"line":229,"column":2},"end":{"line":229,"column":33}},"100":{"start":{"line":230,"column":2},"end":{"line":230,"column":37}},"101":{"start":{"line":231,"column":2},"end":{"line":231,"column":44}},"102":{"start":{"line":232,"column":2},"end":{"line":232,"column":37}},"103":{"start":{"line":233,"column":2},"end":{"line":233,"column":47}},"104":{"start":{"line":234,"column":2},"end":{"line":234,"column":31}},"105":{"start":{"line":235,"column":23},"end":{"line":235,"column":55}},"106":{"start":{"line":236,"column":2},"end":{"line":236,"column":42}},"107":{"start":{"line":237,"column":2},"end":{"line":237,"column":44}},"108":{"start":{"line":238,"column":2},"end":{"line":238,"column":39}},"109":{"start":{"line":239,"column":2},"end":{"line":239,"column":34}},"110":{"start":{"line":240,"column":2},"end":{"line":242,"column":5}},"111":{"start":{"line":241,"column":4},"end":{"line":241,"column":22}},"112":{"start":{"line":243,"column":22},"end":{"line":243,"column":54}},"113":{"start":{"line":244,"column":2},"end":{"line":244,"column":40}},"114":{"start":{"line":245,"column":2},"end":{"line":245,"column":43}},"115":{"start":{"line":246,"column":2},"end":{"line":246,"column":35}},"116":{"start":{"line":247,"column":2},"end":{"line":247,"column":33}},"117":{"start":{"line":248,"column":2},"end":{"line":250,"column":5}},"118":{"start":{"line":249,"column":4},"end":{"line":249,"column":21}},"119":{"start":{"line":252,"column":21},"end":{"line":252,"column":50}},"120":{"start":{"line":253,"column":2},"end":{"line":253,"column":37}},"121":{"start":{"line":255,"column":2},"end":{"line":255,"column":22}},"122":{"start":{"line":257,"column":22},"end":{"line":257,"column":52}},"123":{"start":{"line":258,"column":21},"end":{"line":258,"column":52}},"124":{"start":{"line":259,"column":24},"end":{"line":259,"column":55}},"125":{"start":{"line":260,"column":22},"end":{"line":260,"column":50}},"126":{"start":{"line":261,"column":22},"end":{"line":261,"column":51}},"127":{"start":{"line":262,"column":23},"end":{"line":262,"column":51}},"128":{"start":{"line":263,"column":2},"end":{"line":263,"column":44}},"129":{"start":{"line":264,"column":2},"end":{"line":264,"column":41}},"130":{"start":{"line":265,"column":2},"end":{"line":265,"column":50}},"131":{"start":{"line":267,"column":2},"end":{"line":268,"column":83}},"132":{"start":{"line":269,"column":2},"end":{"line":269,"column":32}},"133":{"start":{"line":270,"column":2},"end":{"line":270,"column":44}},"134":{"start":{"line":271,"column":2},"end":{"line":271,"column":34}},"135":{"start":{"line":272,"column":2},"end":{"line":272,"column":44}},"136":{"start":{"line":273,"column":2},"end":{"line":273,"column":27}},"137":{"start":{"line":274,"column":2},"end":{"line":274,"column":31}},"138":{"start":{"line":275,"column":2},"end":{"line":275,"column":48}},"139":{"start":{"line":276,"column":2},"end":{"line":276,"column":33}},"140":{"start":{"line":277,"column":2},"end":{"line":277,"column":39}},"141":{"start":{"line":278,"column":2},"end":{"line":278,"column":38}},"142":{"start":{"line":280,"column":2},"end":{"line":280,"column":53}},"143":{"start":{"line":281,"column":2},"end":{"line":281,"column":51}},"144":{"start":{"line":282,"column":2},"end":{"line":282,"column":37}},"145":{"start":{"line":283,"column":2},"end":{"line":285,"column":5}},"146":{"start":{"line":284,"column":4},"end":{"line":284,"column":29}},"147":{"start":{"line":286,"column":2},"end":{"line":288,"column":5}},"148":{"start":{"line":287,"column":4},"end":{"line":287,"column":27}},"149":{"start":{"line":289,"column":2},"end":{"line":291,"column":5}},"150":{"start":{"line":290,"column":4},"end":{"line":290,"column":28}},"151":{"start":{"line":292,"column":2},"end":{"line":292,"column":41}},"152":{"start":{"line":293,"column":2},"end":{"line":293,"column":41}},"153":{"start":{"line":294,"column":2},"end":{"line":294,"column":41}},"154":{"start":{"line":295,"column":2},"end":{"line":295,"column":30}},"155":{"start":{"line":296,"column":2},"end":{"line":296,"column":31}},"156":{"start":{"line":297,"column":2},"end":{"line":297,"column":29}},"157":{"start":{"line":298,"column":2},"end":{"line":298,"column":52}},"158":{"start":{"line":299,"column":2},"end":{"line":299,"column":39}},"159":{"start":{"line":301,"column":2},"end":{"line":301,"column":40}},"160":{"start":{"line":302,"column":2},"end":{"line":302,"column":36}},"161":{"start":{"line":303,"column":2},"end":{"line":303,"column":40}},"162":{"start":{"line":304,"column":2},"end":{"line":304,"column":43}},"163":{"start":{"line":305,"column":2},"end":{"line":305,"column":41}},"164":{"start":{"line":306,"column":2},"end":{"line":306,"column":30}},"165":{"start":{"line":307,"column":2},"end":{"line":307,"column":44}},"166":{"start":{"line":308,"column":2},"end":{"line":308,"column":44}},"167":{"start":{"line":309,"column":2},"end":{"line":309,"column":45}},"168":{"start":{"line":310,"column":2},"end":{"line":310,"column":47}},"169":{"start":{"line":311,"column":2},"end":{"line":313,"column":5}},"170":{"start":{"line":312,"column":4},"end":{"line":312,"column":27}},"171":{"start":{"line":314,"column":2},"end":{"line":314,"column":34}},"172":{"start":{"line":315,"column":2},"end":{"line":315,"column":43}},"173":{"start":{"line":316,"column":2},"end":{"line":316,"column":40}},"174":{"start":{"line":317,"column":2},"end":{"line":317,"column":40}},"175":{"start":{"line":318,"column":2},"end":{"line":318,"column":35}},"176":{"start":{"line":320,"column":2},"end":{"line":320,"column":69}},"177":{"start":{"line":321,"column":2},"end":{"line":321,"column":61}},"178":{"start":{"line":322,"column":2},"end":{"line":322,"column":44}},"179":{"start":{"line":323,"column":2},"end":{"line":323,"column":38}},"180":{"start":{"line":325,"column":2},"end":{"line":325,"column":72}},"181":{"start":{"line":326,"column":2},"end":{"line":326,"column":38}},"182":{"start":{"line":327,"column":2},"end":{"line":327,"column":40}},"183":{"start":{"line":328,"column":2},"end":{"line":328,"column":40}},"184":{"start":{"line":329,"column":2},"end":{"line":329,"column":40}},"185":{"start":{"line":330,"column":2},"end":{"line":330,"column":39}},"186":{"start":{"line":331,"column":2},"end":{"line":331,"column":42}},"187":{"start":{"line":332,"column":2},"end":{"line":332,"column":39}},"188":{"start":{"line":333,"column":2},"end":{"line":333,"column":35}},"189":{"start":{"line":334,"column":2},"end":{"line":334,"column":39}},"190":{"start":{"line":335,"column":2},"end":{"line":335,"column":35}},"191":{"start":{"line":336,"column":2},"end":{"line":336,"column":45}},"192":{"start":{"line":337,"column":2},"end":{"line":337,"column":37}},"193":{"start":{"line":339,"column":2},"end":{"line":339,"column":35}},"194":{"start":{"line":343,"column":2},"end":{"line":343,"column":25}},"195":{"start":{"line":344,"column":15},"end":{"line":344,"column":36}},"196":{"start":{"line":345,"column":2},"end":{"line":345,"column":30}},"197":{"start":{"line":351,"column":2},"end":{"line":351,"column":21}},"198":{"start":{"line":352,"column":25},"end":{"line":352,"column":72}},"199":{"start":{"line":353,"column":2},"end":{"line":381,"column":3}},"200":{"start":{"line":354,"column":4},"end":{"line":354,"column":41}},"201":{"start":{"line":356,"column":21},"end":{"line":358,"column":5}},"202":{"start":{"line":360,"column":20},"end":{"line":369,"column":5}},"203":{"start":{"line":370,"column":4},"end":{"line":379,"column":9}},"204":{"start":{"line":371,"column":19},"end":{"line":371,"column":27}},"205":{"start":{"line":373,"column":28},"end":{"line":373,"column":68}},"206":{"start":{"line":374,"column":22},"end":{"line":374,"column":50}},"207":{"start":{"line":375,"column":8},"end":{"line":375,"column":46}},"208":{"start":{"line":376,"column":8},"end":{"line":376,"column":39}},"209":{"start":{"line":377,"column":22},"end":{"line":377,"column":26}},"210":{"start":{"line":378,"column":8},"end":{"line":378,"column":38}},"211":{"start":{"line":380,"column":4},"end":{"line":380,"column":27}},"212":{"start":{"line":386,"column":2},"end":{"line":386,"column":21}},"213":{"start":{"line":387,"column":28},"end":{"line":387,"column":76}},"214":{"start":{"line":388,"column":2},"end":{"line":388,"column":33}},"215":{"start":{"line":389,"column":16},"end":{"line":389,"column":55}},"216":{"start":{"line":390,"column":2},"end":{"line":390,"column":12}},"217":{"start":{"line":391,"column":2},"end":{"line":391,"column":23}},"218":{"start":{"line":393,"column":2},"end":{"line":393,"column":42}},"219":{"start":{"line":396,"column":19},"end":{"line":398,"column":3}},"220":{"start":{"line":400,"column":18},"end":{"line":406,"column":3}},"221":{"start":{"line":408,"column":2},"end":{"line":414,"column":7}},"222":{"start":{"line":409,"column":17},"end":{"line":409,"column":25}},"223":{"start":{"line":411,"column":6},"end":{"line":411,"column":46}},"224":{"start":{"line":412,"column":6},"end":{"line":412,"column":22}},"225":{"start":{"line":413,"column":6},"end":{"line":413,"column":24}},"226":{"start":{"line":419,"column":2},"end":{"line":419,"column":21}},"227":{"start":{"line":420,"column":29},"end":{"line":420,"column":77}},"228":{"start":{"line":421,"column":2},"end":{"line":421,"column":34}},"229":{"start":{"line":422,"column":16},"end":{"line":422,"column":56}},"230":{"start":{"line":423,"column":2},"end":{"line":423,"column":12}},"231":{"start":{"line":424,"column":2},"end":{"line":424,"column":23}},"232":{"start":{"line":426,"column":2},"end":{"line":426,"column":43}},"233":{"start":{"line":427,"column":19},"end":{"line":429,"column":3}},"234":{"start":{"line":431,"column":18},"end":{"line":437,"column":3}},"235":{"start":{"line":439,"column":2},"end":{"line":445,"column":7}},"236":{"start":{"line":440,"column":17},"end":{"line":440,"column":25}},"237":{"start":{"line":442,"column":6},"end":{"line":442,"column":46}},"238":{"start":{"line":443,"column":6},"end":{"line":443,"column":22}},"239":{"start":{"line":444,"column":6},"end":{"line":444,"column":24}},"240":{"start":{"line":449,"column":2},"end":{"line":449,"column":21}},"241":{"start":{"line":450,"column":27},"end":{"line":450,"column":75}},"242":{"start":{"line":451,"column":2},"end":{"line":451,"column":32}},"243":{"start":{"line":452,"column":16},"end":{"line":452,"column":54}},"244":{"start":{"line":453,"column":2},"end":{"line":453,"column":12}},"245":{"start":{"line":454,"column":2},"end":{"line":454,"column":23}},"246":{"start":{"line":456,"column":2},"end":{"line":456,"column":41}},"247":{"start":{"line":457,"column":19},"end":{"line":459,"column":3}},"248":{"start":{"line":461,"column":18},"end":{"line":467,"column":3}},"249":{"start":{"line":469,"column":2},"end":{"line":475,"column":7}},"250":{"start":{"line":470,"column":17},"end":{"line":470,"column":25}},"251":{"start":{"line":472,"column":6},"end":{"line":472,"column":46}},"252":{"start":{"line":473,"column":6},"end":{"line":473,"column":22}},"253":{"start":{"line":474,"column":6},"end":{"line":474,"column":24}},"254":{"start":{"line":481,"column":2},"end":{"line":481,"column":21}},"255":{"start":{"line":483,"column":2},"end":{"line":542,"column":25}},"256":{"start":{"line":484,"column":24},"end":{"line":484,"column":39}},"257":{"start":{"line":486,"column":24},"end":{"line":486,"column":57}},"258":{"start":{"line":487,"column":22},"end":{"line":487,"column":66}},"259":{"start":{"line":489,"column":24},"end":{"line":491,"column":7}},"260":{"start":{"line":493,"column":22},"end":{"line":503,"column":7}},"261":{"start":{"line":505,"column":6},"end":{"line":540,"column":11}},"262":{"start":{"line":506,"column":21},"end":{"line":506,"column":29}},"263":{"start":{"line":508,"column":26},"end":{"line":508,"column":34}},"264":{"start":{"line":510,"column":30},"end":{"line":510,"column":70}},"265":{"start":{"line":511,"column":24},"end":{"line":511,"column":52}},"266":{"start":{"line":512,"column":25},"end":{"line":512,"column":54}},"267":{"start":{"line":513,"column":10},"end":{"line":513,"column":38}},"268":{"start":{"line":514,"column":10},"end":{"line":514,"column":39}},"269":{"start":{"line":515,"column":10},"end":{"line":515,"column":33}},"270":{"start":{"line":516,"column":10},"end":{"line":516,"column":31}},"271":{"start":{"line":517,"column":10},"end":{"line":517,"column":36}},"272":{"start":{"line":518,"column":10},"end":{"line":518,"column":41}},"273":{"start":{"line":520,"column":26},"end":{"line":522,"column":11}},"274":{"start":{"line":523,"column":27},"end":{"line":532,"column":11}},"275":{"start":{"line":533,"column":10},"end":{"line":539,"column":15}},"276":{"start":{"line":534,"column":25},"end":{"line":534,"column":33}},"277":{"start":{"line":536,"column":14},"end":{"line":536,"column":32}},"278":{"start":{"line":537,"column":28},"end":{"line":537,"column":32}},"279":{"start":{"line":538,"column":14},"end":{"line":538,"column":43}},"280":{"start":{"line":547,"column":2},"end":{"line":547,"column":21}},"281":{"start":{"line":549,"column":22},"end":{"line":549,"column":64}},"282":{"start":{"line":550,"column":21},"end":{"line":550,"column":64}},"283":{"start":{"line":552,"column":2},"end":{"line":573,"column":3}},"284":{"start":{"line":553,"column":4},"end":{"line":570,"column":5}},"285":{"start":{"line":554,"column":6},"end":{"line":554,"column":44}},"286":{"start":{"line":556,"column":6},"end":{"line":569,"column":11}},"287":{"start":{"line":560,"column":21},"end":{"line":560,"column":29}},"288":{"start":{"line":562,"column":28},"end":{"line":562,"column":61}},"289":{"start":{"line":563,"column":26},"end":{"line":563,"column":76}},"290":{"start":{"line":564,"column":22},"end":{"line":564,"column":51}},"291":{"start":{"line":565,"column":10},"end":{"line":565,"column":36}},"292":{"start":{"line":566,"column":10},"end":{"line":566,"column":37}},"293":{"start":{"line":567,"column":10},"end":{"line":567,"column":28}},"294":{"start":{"line":568,"column":10},"end":{"line":568,"column":38}},"295":{"start":{"line":572,"column":4},"end":{"line":572,"column":50}},"296":{"start":{"line":577,"column":2},"end":{"line":577,"column":21}},"297":{"start":{"line":578,"column":20},"end":{"line":578,"column":63}},"298":{"start":{"line":580,"column":2},"end":{"line":580,"column":36}},"299":{"start":{"line":581,"column":2},"end":{"line":620,"column":3}},"300":{"start":{"line":582,"column":19},"end":{"line":582,"column":43}},"301":{"start":{"line":583,"column":20},"end":{"line":585,"column":5}},"302":{"start":{"line":586,"column":21},"end":{"line":595,"column":5}},"303":{"start":{"line":597,"column":4},"end":{"line":617,"column":9}},"304":{"start":{"line":598,"column":19},"end":{"line":598,"column":27}},"305":{"start":{"line":600,"column":27},"end":{"line":600,"column":70}},"306":{"start":{"line":601,"column":28},"end":{"line":601,"column":68}},"307":{"start":{"line":602,"column":22},"end":{"line":602,"column":50}},"308":{"start":{"line":603,"column":23},"end":{"line":603,"column":52}},"309":{"start":{"line":604,"column":8},"end":{"line":604,"column":36}},"310":{"start":{"line":605,"column":8},"end":{"line":605,"column":28}},"311":{"start":{"line":607,"column":8},"end":{"line":607,"column":34}},"312":{"start":{"line":608,"column":8},"end":{"line":608,"column":39}},"313":{"start":{"line":610,"column":22},"end":{"line":610,"column":26}},"314":{"start":{"line":611,"column":8},"end":{"line":611,"column":27}},"315":{"start":{"line":612,"column":8},"end":{"line":612,"column":54}},"316":{"start":{"line":614,"column":26},"end":{"line":614,"column":68}},"317":{"start":{"line":615,"column":8},"end":{"line":615,"column":43}},"318":{"start":{"line":616,"column":8},"end":{"line":616,"column":29}},"319":{"start":{"line":619,"column":4},"end":{"line":619,"column":46}},"320":{"start":{"line":623,"column":0},"end":{"line":636,"column":2}}},"fnMap":{"0":{"name":"getRandomInt","decl":{"start":{"line":54,"column":9},"end":{"line":54,"column":21}},"loc":{"start":{"line":54,"column":32},"end":{"line":56,"column":1}},"line":54},"1":{"name":"randomNameGenerator","decl":{"start":{"line":57,"column":9},"end":{"line":57,"column":28}},"loc":{"start":{"line":57,"column":31},"end":{"line":63,"column":1}},"line":57},"2":{"name":"(anonymous_2)","decl":{"start":{"line":67,"column":46},"end":{"line":67,"column":47}},"loc":{"start":{"line":67,"column":53},"end":{"line":69,"column":1}},"line":67},"3":{"name":"(anonymous_3)","decl":{"start":{"line":73,"column":32},"end":{"line":73,"column":33}},"loc":{"start":{"line":73,"column":39},"end":{"line":103,"column":1}},"line":73},"4":{"name":"(anonymous_4)","decl":{"start":{"line":93,"column":12},"end":{"line":93,"column":13}},"loc":{"start":{"line":93,"column":21},"end":{"line":93,"column":31}},"line":93},"5":{"name":"(anonymous_5)","decl":{"start":{"line":94,"column":12},"end":{"line":94,"column":13}},"loc":{"start":{"line":94,"column":22},"end":{"line":100,"column":7}},"line":94},"6":{"name":"loadPosts","decl":{"start":{"line":107,"column":9},"end":{"line":107,"column":18}},"loc":{"start":{"line":107,"column":22},"end":{"line":115,"column":1}},"line":107},"7":{"name":"(anonymous_7)","decl":{"start":{"line":109,"column":10},"end":{"line":109,"column":11}},"loc":{"start":{"line":109,"column":17},"end":{"line":109,"column":25}},"line":109},"8":{"name":"(anonymous_8)","decl":{"start":{"line":110,"column":10},"end":{"line":110,"column":11}},"loc":{"start":{"line":110,"column":20},"end":{"line":114,"column":5}},"line":110},"9":{"name":"fetchPost","decl":{"start":{"line":119,"column":9},"end":{"line":119,"column":18}},"loc":{"start":{"line":119,"column":26},"end":{"line":163,"column":1}},"line":119},"10":{"name":"(anonymous_10)","decl":{"start":{"line":127,"column":10},"end":{"line":127,"column":11}},"loc":{"start":{"line":127,"column":17},"end":{"line":127,"column":25}},"line":127},"11":{"name":"(anonymous_11)","decl":{"start":{"line":128,"column":10},"end":{"line":128,"column":11}},"loc":{"start":{"line":128,"column":20},"end":{"line":161,"column":5}},"line":128},"12":{"name":"(anonymous_12)","decl":{"start":{"line":137,"column":30},"end":{"line":137,"column":31}},"loc":{"start":{"line":137,"column":50},"end":{"line":154,"column":9}},"line":137},"13":{"name":"createPost","decl":{"start":{"line":167,"column":9},"end":{"line":167,"column":19}},"loc":{"start":{"line":167,"column":27},"end":{"line":346,"column":1}},"line":167},"14":{"name":"(anonymous_14)","decl":{"start":{"line":221,"column":35},"end":{"line":221,"column":36}},"loc":{"start":{"line":221,"column":42},"end":{"line":223,"column":3}},"line":221},"15":{"name":"(anonymous_15)","decl":{"start":{"line":240,"column":41},"end":{"line":240,"column":42}},"loc":{"start":{"line":240,"column":48},"end":{"line":242,"column":3}},"line":240},"16":{"name":"(anonymous_16)","decl":{"start":{"line":248,"column":40},"end":{"line":248,"column":41}},"loc":{"start":{"line":248,"column":47},"end":{"line":250,"column":3}},"line":248},"17":{"name":"(anonymous_17)","decl":{"start":{"line":283,"column":38},"end":{"line":283,"column":39}},"loc":{"start":{"line":283,"column":45},"end":{"line":285,"column":3}},"line":283},"18":{"name":"(anonymous_18)","decl":{"start":{"line":286,"column":38},"end":{"line":286,"column":39}},"loc":{"start":{"line":286,"column":45},"end":{"line":288,"column":3}},"line":286},"19":{"name":"(anonymous_19)","decl":{"start":{"line":289,"column":38},"end":{"line":289,"column":39}},"loc":{"start":{"line":289,"column":45},"end":{"line":291,"column":3}},"line":289},"20":{"name":"(anonymous_20)","decl":{"start":{"line":311,"column":41},"end":{"line":311,"column":42}},"loc":{"start":{"line":311,"column":48},"end":{"line":313,"column":3}},"line":311},"21":{"name":"getcommentinput","decl":{"start":{"line":350,"column":9},"end":{"line":350,"column":24}},"loc":{"start":{"line":350,"column":32},"end":{"line":382,"column":1}},"line":350},"22":{"name":"(anonymous_22)","decl":{"start":{"line":371,"column":12},"end":{"line":371,"column":13}},"loc":{"start":{"line":371,"column":19},"end":{"line":371,"column":27}},"line":371},"23":{"name":"(anonymous_23)","decl":{"start":{"line":372,"column":12},"end":{"line":372,"column":13}},"loc":{"start":{"line":372,"column":22},"end":{"line":379,"column":7}},"line":372},"24":{"name":"reactCounterLike","decl":{"start":{"line":385,"column":9},"end":{"line":385,"column":25}},"loc":{"start":{"line":385,"column":33},"end":{"line":415,"column":1}},"line":385},"25":{"name":"(anonymous_25)","decl":{"start":{"line":409,"column":10},"end":{"line":409,"column":11}},"loc":{"start":{"line":409,"column":17},"end":{"line":409,"column":25}},"line":409},"26":{"name":"(anonymous_26)","decl":{"start":{"line":410,"column":10},"end":{"line":410,"column":11}},"loc":{"start":{"line":410,"column":20},"end":{"line":414,"column":5}},"line":410},"27":{"name":"reactCounterSmile","decl":{"start":{"line":418,"column":9},"end":{"line":418,"column":26}},"loc":{"start":{"line":418,"column":34},"end":{"line":446,"column":1}},"line":418},"28":{"name":"(anonymous_28)","decl":{"start":{"line":440,"column":10},"end":{"line":440,"column":11}},"loc":{"start":{"line":440,"column":17},"end":{"line":440,"column":25}},"line":440},"29":{"name":"(anonymous_29)","decl":{"start":{"line":441,"column":10},"end":{"line":441,"column":11}},"loc":{"start":{"line":441,"column":20},"end":{"line":445,"column":5}},"line":441},"30":{"name":"reactCounterSad","decl":{"start":{"line":448,"column":9},"end":{"line":448,"column":24}},"loc":{"start":{"line":448,"column":32},"end":{"line":476,"column":1}},"line":448},"31":{"name":"(anonymous_31)","decl":{"start":{"line":470,"column":10},"end":{"line":470,"column":11}},"loc":{"start":{"line":470,"column":17},"end":{"line":470,"column":25}},"line":470},"32":{"name":"(anonymous_32)","decl":{"start":{"line":471,"column":10},"end":{"line":471,"column":11}},"loc":{"start":{"line":471,"column":20},"end":{"line":475,"column":5}},"line":471},"33":{"name":"gifReact","decl":{"start":{"line":480,"column":9},"end":{"line":480,"column":17}},"loc":{"start":{"line":480,"column":25},"end":{"line":543,"column":1}},"line":480},"34":{"name":"(anonymous_34)","decl":{"start":{"line":484,"column":10},"end":{"line":484,"column":11}},"loc":{"start":{"line":484,"column":24},"end":{"line":484,"column":39}},"line":484},"35":{"name":"(anonymous_35)","decl":{"start":{"line":485,"column":10},"end":{"line":485,"column":11}},"loc":{"start":{"line":485,"column":20},"end":{"line":541,"column":5}},"line":485},"36":{"name":"(anonymous_36)","decl":{"start":{"line":506,"column":14},"end":{"line":506,"column":15}},"loc":{"start":{"line":506,"column":21},"end":{"line":506,"column":29}},"line":506},"37":{"name":"(anonymous_37)","decl":{"start":{"line":507,"column":14},"end":{"line":507,"column":15}},"loc":{"start":{"line":507,"column":24},"end":{"line":540,"column":9}},"line":507},"38":{"name":"(anonymous_38)","decl":{"start":{"line":534,"column":18},"end":{"line":534,"column":19}},"loc":{"start":{"line":534,"column":25},"end":{"line":534,"column":33}},"line":534},"39":{"name":"(anonymous_39)","decl":{"start":{"line":535,"column":18},"end":{"line":535,"column":19}},"loc":{"start":{"line":535,"column":28},"end":{"line":539,"column":13}},"line":535},"40":{"name":"previewGif","decl":{"start":{"line":546,"column":9},"end":{"line":546,"column":19}},"loc":{"start":{"line":546,"column":27},"end":{"line":574,"column":1}},"line":546},"41":{"name":"(anonymous_41)","decl":{"start":{"line":560,"column":14},"end":{"line":560,"column":15}},"loc":{"start":{"line":560,"column":21},"end":{"line":560,"column":29}},"line":560},"42":{"name":"(anonymous_42)","decl":{"start":{"line":561,"column":14},"end":{"line":561,"column":15}},"loc":{"start":{"line":561,"column":24},"end":{"line":569,"column":9}},"line":561},"43":{"name":"submitGif","decl":{"start":{"line":576,"column":9},"end":{"line":576,"column":18}},"loc":{"start":{"line":576,"column":26},"end":{"line":621,"column":1}},"line":576},"44":{"name":"(anonymous_44)","decl":{"start":{"line":598,"column":12},"end":{"line":598,"column":13}},"loc":{"start":{"line":598,"column":19},"end":{"line":598,"column":27}},"line":598},"45":{"name":"(anonymous_45)","decl":{"start":{"line":599,"column":12},"end":{"line":599,"column":13}},"loc":{"start":{"line":599,"column":22},"end":{"line":617,"column":7}},"line":599}},"branchMap":{"0":{"loc":{"start":{"line":76,"column":2},"end":{"line":102,"column":3}},"type":"if","locations":[{"start":{"line":76,"column":2},"end":{"line":102,"column":3}},{"start":{"line":78,"column":9},"end":{"line":102,"column":3}}],"line":76},"1":{"loc":{"start":{"line":135,"column":6},"end":{"line":155,"column":7}},"type":"if","locations":[{"start":{"line":135,"column":6},"end":{"line":155,"column":7}},{"start":{},"end":{}}],"line":135},"2":{"loc":{"start":{"line":141,"column":10},"end":{"line":152,"column":11}},"type":"if","locations":[{"start":{"line":141,"column":10},"end":{"line":152,"column":11}},{"start":{"line":145,"column":17},"end":{"line":152,"column":11}}],"line":141},"3":{"loc":{"start":{"line":353,"column":2},"end":{"line":381,"column":3}},"type":"if","locations":[{"start":{"line":353,"column":2},"end":{"line":381,"column":3}},{"start":{"line":355,"column":9},"end":{"line":381,"column":3}}],"line":353},"4":{"loc":{"start":{"line":552,"column":2},"end":{"line":573,"column":3}},"type":"if","locations":[{"start":{"line":552,"column":2},"end":{"line":573,"column":3}},{"start":{"line":571,"column":9},"end":{"line":573,"column":3}}],"line":552},"5":{"loc":{"start":{"line":553,"column":4},"end":{"line":570,"column":5}},"type":"if","locations":[{"start":{"line":553,"column":4},"end":{"line":570,"column":5}},{"start":{"line":555,"column":11},"end":{"line":570,"column":5}}],"line":553},"6":{"loc":{"start":{"line":581,"column":2},"end":{"line":620,"column":3}},"type":"if","locations":[{"start":{"line":581,"column":2},"end":{"line":620,"column":3}},{"start":{"line":618,"column":9},"end":{"line":620,"column":3}}],"line":581}},"s":{"0":1,"1":1,"2":1,"3":1,"4":1,"5":1,"6":5,"7":2,"8":2,"9":1,"10":0,"11":1,"12":0,"13":0,"14":0,"15":0,"16":0,"17":0,"18":0,"19":0,"20":0,"21":0,"22":0,"23":0,"24":0,"25":0,"26":0,"27":0,"28":0,"29":0,"30":0,"31":0,"32":0,"33":0,"34":0,"35":0,"36":0,"37":0,"38":0,"39":0,"40":0,"41":0,"42":0,"43":0,"44":0,"45":0,"46":0,"47":0,"48":0,"49":0,"50":0,"51":0,"52":0,"53":0,"54":0,"55":0,"56":0,"57":0,"58":0,"59":1,"60":1,"61":1,"62":1,"63":1,"64":1,"65":1,"66":1,"67":1,"68":1,"69":1,"70":1,"71":1,"72":1,"73":1,"74":1,"75":1,"76":1,"77":1,"78":1,"79":1,"80":1,"81":1,"82":1,"83":1,"84":1,"85":1,"86":1,"87":1,"88":1,"89":1,"90":1,"91":1,"92":1,"93":1,"94":1,"95":0,"96":1,"97":1,"98":1,"99":1,"100":1,"101":1,"102":1,"103":1,"104":1,"105":1,"106":1,"107":1,"108":1,"109":1,"110":1,"111":0,"112":1,"113":1,"114":1,"115":1,"116":1,"117":1,"118":0,"119":1,"120":1,"121":1,"122":1,"123":1,"124":1,"125":1,"126":1,"127":1,"128":1,"129":1,"130":1,"131":1,"132":1,"133":1,"134":1,"135":1,"136":1,"137":1,"138":1,"139":1,"140":1,"141":1,"142":1,"143":1,"144":1,"145":1,"146":0,"147":1,"148":0,"149":1,"150":0,"151":1,"152":1,"153":1,"154":1,"155":1,"156":1,"157":1,"158":1,"159":1,"160":1,"161":1,"162":1,"163":1,"164":1,"165":1,"166":1,"167":1,"168":1,"169":1,"170":0,"171":1,"172":1,"173":1,"174":1,"175":1,"176":1,"177":1,"178":1,"179":1,"180":1,"181":1,"182":1,"183":1,"184":1,"185":1,"186":1,"187":1,"188":1,"189":1,"190":1,"191":1,"192":1,"193":1,"194":1,"195":1,"196":1,"197":0,"198":0,"199":0,"200":0,"201":0,"202":0,"203":0,"204":0,"205":0,"206":0,"207":0,"208":0,"209":0,"210":0,"211":0,"212":0,"213":0,"214":0,"215":0,"216":0,"217":0,"218":0,"219":0,"220":0,"221":0,"222":0,"223":0,"224":0,"225":0,"226":0,"227":0,"228":0,"229":0,"230":0,"231":0,"232":0,"233":0,"234":0,"235":0,"236":0,"237":0,"238":0,"239":0,"240":0,"241":0,"242":0,"243":0,"244":0,"245":0,"246":0,"247":0,"248":0,"249":0,"250":0,"251":0,"252":0,"253":0,"254":1,"255":1,"256":1,"257":0,"258":0,"259":0,"260":0,"261":0,"262":0,"263":0,"264":0,"265":0,"266":0,"267":0,"268":0,"269":0,"270":0,"271":0,"272":0,"273":0,"274":0,"275":0,"276":0,"277":0,"278":0,"279":0,"280":0,"281":0,"282":0,"283":0,"284":0,"285":0,"286":0,"287":0,"288":0,"289":0,"290":0,"291":0,"292":0,"293":0,"294":0,"295":0,"296":0,"297":0,"298":0,"299":0,"300":0,"301":0,"302":0,"303":0,"304":0,"305":0,"306":0,"307":0,"308":0,"309":0,"310":0,"311":0,"312":0,"313":0,"314":0,"315":0,"316":0,"317":0,"318":0,"319":0,"320":1},"f":{"0":5,"1":2,"2":0,"3":0,"4":0,"5":0,"6":0,"7":0,"8":0,"9":0,"10":0,"11":0,"12":0,"13":1,"14":0,"15":0,"16":0,"17":0,"18":0,"19":0,"20":0,"21":0,"22":0,"23":0,"24":0,"25":0,"26":0,"27":0,"28":0,"29":0,"30":0,"31":0,"32":0,"33":1,"34":1,"35":0,"36":0,"37":0,"38":0,"39":0,"40":0,"41":0,"42":0,"43":0,"44":0,"45":0},"b":{"0":[0,0],"1":[0,0],"2":[0,0],"3":[0,0],"4":[0,0],"5":[0,0],"6":[0,0]},"_coverageSchema":"1a1c01bbd47fc00a2c39e90264f33305004495a9","hash":"ff8f2404369ccf8fbe0d47065eaf5e126ef26710"}
}
