TN:
SF:client\script.js
FN:54,getRandomInt
FN:57,randomNameGenerator
FN:67,(anonymous_2)
FN:73,(anonymous_3)
FN:93,(anonymous_4)
FN:94,(anonymous_5)
FN:107,loadPosts
FN:109,(anonymous_7)
FN:110,(anonymous_8)
FN:119,fetchPost
FN:127,(anonymous_10)
FN:128,(anonymous_11)
FN:137,(anonymous_12)
FN:167,createPost
FN:221,(anonymous_14)
FN:240,(anonymous_15)
FN:248,(anonymous_16)
FN:283,(anonymous_17)
FN:286,(anonymous_18)
FN:289,(anonymous_19)
FN:311,(anonymous_20)
FN:350,getcommentinput
FN:371,(anonymous_22)
FN:372,(anonymous_23)
FN:385,reactCounterLike
FN:409,(anonymous_25)
FN:410,(anonymous_26)
FN:418,reactCounterSmile
FN:440,(anonymous_28)
FN:441,(anonymous_29)
FN:448,reactCounterSad
FN:470,(anonymous_31)
FN:471,(anonymous_32)
FN:480,gifReact
FN:484,(anonymous_34)
FN:485,(anonymous_35)
FN:506,(anonymous_36)
FN:507,(anonymous_37)
FN:534,(anonymous_38)
FN:535,(anonymous_39)
FN:546,previewGif
FN:560,(anonymous_41)
FN:561,(anonymous_42)
FN:576,submitGif
FN:598,(anonymous_44)
FN:599,(anonymous_45)
FNF:46
FNH:5
FNDA:5,getRandomInt
FNDA:2,randomNameGenerator
FNDA:0,(anonymous_2)
FNDA:0,(anonymous_3)
FNDA:0,(anonymous_4)
FNDA:0,(anonymous_5)
FNDA:0,loadPosts
FNDA:0,(anonymous_7)
FNDA:0,(anonymous_8)
FNDA:0,fetchPost
FNDA:0,(anonymous_10)
FNDA:0,(anonymous_11)
FNDA:0,(anonymous_12)
FNDA:1,createPost
FNDA:0,(anonymous_14)
FNDA:0,(anonymous_15)
FNDA:0,(anonymous_16)
FNDA:0,(anonymous_17)
FNDA:0,(anonymous_18)
FNDA:0,(anonymous_19)
FNDA:0,(anonymous_20)
FNDA:0,getcommentinput
FNDA:0,(anonymous_22)
FNDA:0,(anonymous_23)
FNDA:0,reactCounterLike
FNDA:0,(anonymous_25)
FNDA:0,(anonymous_26)
FNDA:0,reactCounterSmile
FNDA:0,(anonymous_28)
FNDA:0,(anonymous_29)
FNDA:0,reactCounterSad
FNDA:0,(anonymous_31)
FNDA:0,(anonymous_32)
FNDA:1,gifReact
FNDA:1,(anonymous_34)
FNDA:0,(anonymous_35)
FNDA:0,(anonymous_36)
FNDA:0,(anonymous_37)
FNDA:0,(anonymous_38)
FNDA:0,(anonymous_39)
FNDA:0,previewGif
FNDA:0,(anonymous_41)
FNDA:0,(anonymous_42)
FNDA:0,submitGif
FNDA:0,(anonymous_44)
FNDA:0,(anonymous_45)
DA:1,1
DA:2,1
DA:3,1
DA:4,1
DA:8,1
DA:32,1
DA:55,5
DA:58,2
DA:62,2
DA:67,1
DA:68,0
DA:73,1
DA:74,0
DA:75,0
DA:76,0
DA:77,0
DA:79,0
DA:84,0
DA:92,0
DA:93,0
DA:95,0
DA:96,0
DA:97,0
DA:98,0
DA:99,0
DA:108,0
DA:109,0
DA:111,0
DA:112,0
DA:120,0
DA:121,0
DA:122,0
DA:123,0
DA:124,0
DA:125,0
DA:126,0
DA:127,0
DA:129,0
DA:131,0
DA:133,0
DA:135,0
DA:137,0
DA:138,0
DA:139,0
DA:140,0
DA:141,0
DA:142,0
DA:144,0
DA:146,0
DA:147,0
DA:148,0
DA:149,0
DA:150,0
DA:151,0
DA:156,0
DA:158,0
DA:159,0
DA:160,0
DA:168,1
DA:169,1
DA:170,1
DA:171,1
DA:172,1
DA:173,1
DA:174,1
DA:175,1
DA:176,1
DA:177,1
DA:178,1
DA:179,1
DA:180,1
DA:181,1
DA:182,1
DA:183,1
DA:184,1
DA:186,1
DA:187,1
DA:189,1
DA:190,1
DA:197,1
DA:206,1
DA:207,1
DA:208,1
DA:209,1
DA:210,1
DA:211,1
DA:212,1
DA:213,1
DA:214,1
DA:217,1
DA:218,1
DA:219,1
DA:220,1
DA:221,1
DA:222,0
DA:226,1
DA:227,1
DA:228,1
DA:229,1
DA:230,1
DA:231,1
DA:232,1
DA:233,1
DA:234,1
DA:235,1
DA:236,1
DA:237,1
DA:238,1
DA:239,1
DA:240,1
DA:241,0
DA:243,1
DA:244,1
DA:245,1
DA:246,1
DA:247,1
DA:248,1
DA:249,0
DA:252,1
DA:253,1
DA:255,1
DA:257,1
DA:258,1
DA:259,1
DA:260,1
DA:261,1
DA:262,1
DA:263,1
DA:264,1
DA:265,1
DA:267,1
DA:269,1
DA:270,1
DA:271,1
DA:272,1
DA:273,1
DA:274,1
DA:275,1
DA:276,1
DA:277,1
DA:278,1
DA:280,1
DA:281,1
DA:282,1
DA:283,1
DA:284,0
DA:286,1
DA:287,0
DA:289,1
DA:290,0
DA:292,1
DA:293,1
DA:294,1
DA:295,1
DA:296,1
DA:297,1
DA:298,1
DA:299,1
DA:301,1
DA:302,1
DA:303,1
DA:304,1
DA:305,1
DA:306,1
DA:307,1
DA:308,1
DA:309,1
DA:310,1
DA:311,1
DA:312,0
DA:314,1
DA:315,1
DA:316,1
DA:317,1
DA:318,1
DA:320,1
DA:321,1
DA:322,1
DA:323,1
DA:325,1
DA:326,1
DA:327,1
DA:328,1
DA:329,1
DA:330,1
DA:331,1
DA:332,1
DA:333,1
DA:334,1
DA:335,1
DA:336,1
DA:337,1
DA:339,1
DA:343,1
DA:344,1
DA:345,1
DA:351,0
DA:352,0
DA:353,0
DA:354,0
DA:356,0
DA:360,0
DA:370,0
DA:371,0
DA:373,0
DA:374,0
DA:375,0
DA:376,0
DA:377,0
DA:378,0
DA:380,0
DA:386,0
DA:387,0
DA:388,0
DA:389,0
DA:390,0
DA:391,0
DA:393,0
DA:396,0
DA:400,0
DA:408,0
DA:409,0
DA:411,0
DA:412,0
DA:413,0
DA:419,0
DA:420,0
DA:421,0
DA:422,0
DA:423,0
DA:424,0
DA:426,0
DA:427,0
DA:431,0
DA:439,0
DA:440,0
DA:442,0
DA:443,0
DA:444,0
DA:449,0
DA:450,0
DA:451,0
DA:452,0
DA:453,0
DA:454,0
DA:456,0
DA:457,0
DA:461,0
DA:469,0
DA:470,0
DA:472,0
DA:473,0
DA:474,0
DA:481,1
DA:483,1
DA:484,1
DA:486,0
DA:487,0
DA:489,0
DA:493,0
DA:505,0
DA:506,0
DA:508,0
DA:510,0
DA:511,0
DA:512,0
DA:513,0
DA:514,0
DA:515,0
DA:516,0
DA:517,0
DA:518,0
DA:520,0
DA:523,0
DA:533,0
DA:534,0
DA:536,0
DA:537,0
DA:538,0
DA:547,0
DA:549,0
DA:550,0
DA:552,0
DA:553,0
DA:554,0
DA:556,0
DA:560,0
DA:562,0
DA:563,0
DA:564,0
DA:565,0
DA:566,0
DA:567,0
DA:568,0
DA:572,0
DA:577,0
DA:578,0
DA:580,0
DA:581,0
DA:582,0
DA:583,0
DA:586,0
DA:597,0
DA:598,0
DA:600,0
DA:601,0
DA:602,0
DA:603,0
DA:604,0
DA:605,0
DA:607,0
DA:608,0
DA:610,0
DA:611,0
DA:612,0
DA:614,0
DA:615,0
DA:616,0
DA:619,0
DA:623,1
LF:320
LH:146
BRDA:76,0,0,0
BRDA:76,0,1,0
BRDA:135,1,0,0
BRDA:135,1,1,0
BRDA:141,2,0,0
BRDA:141,2,1,0
BRDA:353,3,0,0
BRDA:353,3,1,0
BRDA:552,4,0,0
BRDA:552,4,1,0
BRDA:553,5,0,0
BRDA:553,5,1,0
BRDA:581,6,0,0
BRDA:581,6,1,0
BRF:14
BRH:0
end_of_record
